<?xml version="1.0" encoding="UTF-8"?>
<testng-results ignored="0" total="1" passed="1" failed="0" skipped="0">
  <reporter-output>
  </reporter-output>
  <suite started-at="2024-09-19T01:40:33 IST" name="Default suite" finished-at="2024-09-19T01:40:49 IST" duration-ms="16090">
    <groups>
    </groups>
    <test started-at="2024-09-19T01:40:33 IST" name="Default test" finished-at="2024-09-19T01:40:49 IST" duration-ms="16090">
      <class name="basictest.MiscellaneousAppiumActions">
        <test-method is-config="true" signature="setUp()[pri:0, instance:basictest.MiscellaneousAppiumActions@5ab956d7]" started-at="2024-09-19T01:40:33 IST" name="setUp" finished-at="2024-09-19T01:40:40 IST" duration-ms="7222" status="PASS">
          <reporter-output>
          </reporter-output>
        </test-method> <!-- setUp -->
        <test-method signature="miscellaneous()[pri:0, instance:basictest.MiscellaneousAppiumActions@5ab956d7]" started-at="2024-09-19T01:40:40 IST" name="miscellaneous" finished-at="2024-09-19T01:40:49 IST" duration-ms="8249" status="PASS">
          <reporter-output>
          </reporter-output>
        </test-method> <!-- miscellaneous -->
        <test-method is-config="true" signature="tearDown()[pri:0, instance:basictest.MiscellaneousAppiumActions@5ab956d7]" started-at="2024-09-19T01:40:49 IST" name="tearDown" finished-at="2024-09-19T01:40:49 IST" duration-ms="570" status="PASS">
          <reporter-output>
          </reporter-output>
        </test-method> <!-- tearDown -->
      </class> <!-- basictest.MiscellaneousAppiumActions -->
    </test> <!-- Default test -->
  </suite> <!-- Default suite -->
</testng-results>
